Arguments: 
  C:\Program Files\nodejs\node.exe C:\Program Files\nodejs\node_modules\yarn\bin\yarn.js

PATH: 
  C:\Program Files\Git\mingw64\bin;C:\Program Files\Git\usr\bin;C:\Users\JOON\bin;C:\Program Files\Common Files\Oracle\Java\javapath;C:\flutter\bin;C:\python38-64\Scripts;C:\python38-64;C:\Program Files\Python310;C:\Program Files\Python310\Scripts;C:\Program Files (x86)\Common Files\Intel\Shared Libraries\redist\intel64_win\compiler;C:\Program Files (x86)\Common Files\Intel\Shared Libraries\redist\intel64\compiler;C:\WINDOWS\system32;C:\WINDOWS;C:\WINDOWS\System32\Wbem;C:\WINDOWS\System32\WindowsPowerShell\v1.0;C:\WINDOWS\System32\OpenSSH;C:\Users\JOON\AppData\Roaming\nvm;C:\Program Files\nodejs;C:\Program Files (x86)\dotnet;C:\Program Files\Git\cmd;C:\Users\JOON\AppData\Local\Programs\Python\Python39\Scripts;C:\Users\JOON\AppData\Local\Programs\Python\Python39;C:\Users\JOON\AppData\Local\Programs\Python\Python312\Scripts;C:\Users\JOON\AppData\Local\Programs\Python\Python312;C:\Users\JOON\AppData\Local\Programs\Python\Launcher;C:\flutter\bin;C:\Program Files\Python310;C:\Program Files\Python310\Scripts;C:\Users\JOON\AppData\Local\Microsoft\WindowsApps;C:\Users\JOON\AppData\Local\Pub\Cache\bin;C:\Users\JOON\demos\web3_py_simple_storage;C:\Users\JOON\AppData\Roaming\npm\node_modules\yarn\bin;C:\Users\JOON\AppData\Roaming\npm\node_modules\yarn\lib;C:\Users\JOON\AppData\Local\Yarn\bin;C:\Users\JOON\anaconda3\Lib\site-packages\dotenv;C:\Users\JOON\Code\Tools\Microsoft VS Code\bin;C:\Windows\System32;C:\Users\JOON\AppData\Local\Programs\Microsoft VS Code\bin;C:\Users\JOON\AppData\Roaming\nvm;C:\Program Files\nodejs;C:\Program Files\JetBrains\WebStorm 2023.2.2\bin;C:\Program Files\JetBrains\PyCharm 2023.2.5\bin;C:\Program Files\JetBrains\DataGrip 2023.2.3\bin;C:\Program Files (x86)\BrowserStackLocal;C:\Users\JOON\code\Project\next-auth\node_modules\.bin

Yarn version: 
  1.22.19

Node version: 
  18.17.0

Platform: 
  win32 x64

Trace: 
  Error: https://registry.yarnpkg.com/@next-auth%2ftsconfig: Not found
      at params.callback [as _callback] (C:\Users\JOON\AppData\Roaming\nvm\v18.17.0\node_modules\yarn\lib\cli.js:66145:18)
      at self.callback (C:\Users\JOON\AppData\Roaming\nvm\v18.17.0\node_modules\yarn\lib\cli.js:140890:22)
      at Request.emit (node:events:514:28)
      at Request.<anonymous> (C:\Users\JOON\AppData\Roaming\nvm\v18.17.0\node_modules\yarn\lib\cli.js:141862:10)
      at Request.emit (node:events:514:28)
      at IncomingMessage.<anonymous> (C:\Users\JOON\AppData\Roaming\nvm\v18.17.0\node_modules\yarn\lib\cli.js:141784:12)
      at Object.onceWrapper (node:events:628:28)
      at IncomingMessage.emit (node:events:526:35)
      at endReadableNT (node:internal/streams/readable:1359:12)
      at process.processTicksAndRejections (node:internal/process/task_queues:82:21)

npm manifest: 
  {
    "name": "next-auth",
    "version": "4.24.7",
    "description": "Authentication for Next.js",
    "homepage": "https://next-auth.js.org",
    "repository": "https://github.com/nextauthjs/next-auth.git",
    "author": "Iain Collins <me@iaincollins.com>",
    "contributors": [
      "Balázs Orbán <info@balazsorban.com>",
      "Nico Domino <yo@ndo.dev>",
      "Lluis Agusti <hi@llu.lu>",
      "Thang Huu Vu <hi@thvu.dev>"
    ],
    "main": "index.js",
    "module": "index.js",
    "types": "index.d.ts",
    "keywords": [
      "react",
      "nodejs",
      "oauth",
      "jwt",
      "oauth2",
      "authentication",
      "nextjs",
      "csrf",
      "oidc",
      "nextauth"
    ],
    "exports": {
      ".": {
        "types": "./index.d.ts",
        "default": "./index.js"
      },
      "./adapters": {
        "types": "./adapters.d.ts"
      },
      "./jwt": {
        "types": "./jwt/index.d.ts",
        "default": "./jwt/index.js"
      },
      "./react": {
        "types": "./react/index.d.ts",
        "default": "./react/index.js"
      },
      "./next": {
        "types": "./next/index.d.ts",
        "default": "./next/index.js"
      },
      "./middleware": {
        "types": "./middleware.d.ts",
        "default": "./middleware.js"
      },
      "./client/_utils": {
        "types": "./client/_utils.d.ts",
        "default": "./client/_utils.js"
      },
      "./providers/*": {
        "types": "./providers/*.d.ts",
        "default": "./providers/*.js"
      }
    },
    "files": [
      "client",
      "core",
      "css",
      "jwt",
      "lib",
      "next",
      "providers",
      "react",
      "src",
      "utils",
      "*.d.ts*",
      "*.js"
    ],
    "license": "ISC",
    "dependencies": {
      "@babel/runtime": "^7.20.13",
      "@panva/hkdf": "^1.0.2",
      "cookie": "^0.5.0",
      "jose": "^4.15.5",
      "oauth": "^0.9.15",
      "openid-client": "^5.4.0",
      "preact": "^10.6.3",
      "preact-render-to-string": "^5.1.19",
      "uuid": "^8.3.2"
    },
    "peerDependencies": {
      "next": "^12.2.5 || ^13 || ^14",
      "nodemailer": "^6.6.5",
      "react": "^17.0.2 || ^18",
      "react-dom": "^17.0.2 || ^18"
    },
    "peerDependenciesMeta": {
      "nodemailer": {
        "optional": true
      }
    },
    "devDependencies": {
      "@babel/cli": "^7.17.10",
      "@babel/core": "^7.18.2",
      "@babel/plugin-proposal-optional-catch-binding": "^7.16.7",
      "@babel/plugin-transform-runtime": "^7.18.2",
      "@babel/preset-env": "^7.18.2",
      "@babel/preset-react": "^7.17.12",
      "@babel/preset-typescript": "^7.17.12",
      "@edge-runtime/jest-environment": "1.1.0-beta.35",
      "@next-auth/tsconfig": "0.0.0",
      "@swc/core": "^1.2.198",
      "@swc/jest": "^0.2.21",
      "@testing-library/dom": "^8.13.0",
      "@testing-library/jest-dom": "^5.16.4",
      "@testing-library/react": "^13.3.0",
      "@testing-library/react-hooks": "^8.0.0",
      "@testing-library/user-event": "^14.2.0",
      "@types/jest": "^28.1.3",
      "@types/node": "^17.0.42",
      "@types/nodemailer": "^6.4.6",
      "@types/oauth": "^0.9.1",
      "@types/react": "18.0.37",
      "@types/react-dom": "^18.0.6",
      "autoprefixer": "^10.4.7",
      "babel-plugin-jsx-pragmatic": "^1.0.2",
      "babel-preset-preact": "^2.0.0",
      "concurrently": "^7",
      "cssnano": "^5.1.11",
      "jest": "^28.1.1",
      "jest-environment-jsdom": "^28.1.1",
      "jest-watch-typeahead": "^1.1.0",
      "msw": "^0.42.3",
      "next": "13.3.0",
      "postcss": "^8.4.14",
      "postcss-cli": "^9.1.0",
      "postcss-nested": "^5.0.6",
      "react": "^18",
      "react-dom": "^18",
      "whatwg-fetch": "^3.6.2"
    },
    "scripts": {
      "build": "pnpm clean && pnpm build:js && pnpm build:css",
      "build:js": "pnpm clean && pnpm generate-providers && pnpm tsc --project tsconfig.json && babel --config-file ./config/babel.config.js src --out-dir . --extensions \".tsx,.ts,.js,.jsx\"",
      "clean": "rm -rf coverage client css utils providers core jwt react next lib ./*.js ./*.ts*",
      "build:css": "postcss --config config/postcss.config.js src/**/*.css --base src --dir . && node config/wrap-css.js",
      "dev": "pnpm clean && pnpm generate-providers && concurrently \"pnpm watch:css\" \"pnpm watch:ts\"",
      "watch:ts": "pnpm tsc --project tsconfig.dev.json",
      "watch:css": "postcss --config config/postcss.config.js --watch src/**/*.css --base src --dir .",
      "test": "jest --config ./config/jest.config.js",
      "generate-providers": "node ./config/generate-providers.js",
      "lint": "eslint src config tests"
    }
  }

yarn manifest: 
  No manifest

Lockfile: 
  No lockfile
